Starting Software AG Microservices Runtime
ESAPI: WARNING: System property [org.owasp.esapi.opsteam] is not set
ESAPI: WARNING: System property [org.owasp.esapi.devteam] is not set
ESAPI: Attempting to load ESAPI.properties via file I/O.
ESAPI: Attempting to load ESAPI.properties as resource file via file I/O.
ESAPI: Not found in 'org.owasp.esapi.resources' directory or file not readable: /Users/stephanetailland/dev/msr/customer-management/IntegrationServer/ESAPI.properties
ESAPI: Not found in SystemResource Directory/resourceDirectory: .esapi/ESAPI.properties
ESAPI: Not found in 'user.home' (/Users/stephanetailland) directory: /Users/stephanetailland/esapi/ESAPI.properties
ESAPI: Loading ESAPI.properties via file I/O failed. Exception was: java.io.FileNotFoundException
ESAPI: Attempting to load ESAPI.properties via the classpath.
ESAPI: SUCCESSFULLY LOADED ESAPI.properties via the CLASSPATH from '/ (root)' using class loader for DefaultSecurityConfiguration class!
ESAPI: SecurityConfiguration for Validator.ConfigurationFile.MultiValued not found in ESAPI.properties. Using default: false
ESAPI: Attempting to load validation.properties via file I/O.
ESAPI: Attempting to load validation.properties as resource file via file I/O.
ESAPI: Not found in 'org.owasp.esapi.resources' directory or file not readable: /Users/stephanetailland/dev/msr/customer-management/IntegrationServer/validation.properties
ESAPI: Not found in SystemResource Directory/resourceDirectory: .esapi/validation.properties
ESAPI: Not found in 'user.home' (/Users/stephanetailland) directory: /Users/stephanetailland/esapi/validation.properties
ESAPI: Loading validation.properties via file I/O failed.
ESAPI: Attempting to load validation.properties via the classpath.
ESAPI: SUCCESSFULLY LOADED validation.properties via the CLASSPATH from '/ (root)' using class loader for DefaultSecurityConfiguration class!
ESAPI: WARNING: System property [org.owasp.esapi.opsteam] is not set
ESAPI: WARNING: System property [org.owasp.esapi.devteam] is not set
[2022-09-23 23:02:14] [Configuration] Out-of-band file changes will be monitored every '60000' milliseconds 
23:02:15.712 [pool-3-thread-4] INFO  net.sf.ehcache.store.offheap.disk.OffHeapDiskStoreFactory - Creating On Disk Area Using Config
 Explicit Disk Configuration:
Concurrency                : 16
Initial Segment Table Size : 64 slots
Segment Data Page Size     : 2KB

23:02:15.821 [pool-3-thread-4] INFO  net.sf.ehcache.store.offheap.disk.OffHeapDiskStoreFactory - Creating On Disk Area Using Config
 Explicit Disk Configuration:
Concurrency                : 16
Initial Segment Table Size : 64 slots
Segment Data Page Size     : 2KB

23:02:15.848 [pool-3-thread-4] WARN  net.sf.ehcache.config.CacheConfiguration - Configuration problem for cache LockedAccounts: MaxEntriesLocalHeap equal or greater than MaxEntriesLocalDisk. This will result in useless disk storage.
23:02:15.848 [pool-3-thread-4] INFO  net.sf.ehcache.store.offheap.disk.OffHeapDiskStoreFactory - Creating On Disk Area Using Config
 Explicit Disk Configuration:
Concurrency                : 16
Initial Segment Table Size : 64 slots
Segment Data Page Size     : 2KB

23:02:15.865 [pool-3-thread-4] INFO  net.sf.ehcache.store.offheap.disk.OffHeapDiskStoreFactory - Creating On Disk Area Using Config
 Explicit Disk Configuration:
Concurrency                : 16
Initial Segment Table Size : 64 slots
Segment Data Page Size     : 2KB

23:02:15.897 [pool-3-thread-4] INFO  net.sf.ehcache.store.offheap.disk.OffHeapDiskStoreFactory - Creating On Disk Area Using Config
 Explicit Disk Configuration:
Concurrency                : 16
Initial Segment Table Size : 64 slots
Segment Data Page Size     : 2KB

23:02:15.989 [pool-3-thread-2] INFO  com.terracottatech.frs.io.IOManager - opening with STREAM access method
23:02:16.009 [pool-3-thread-2] INFO  com.terracottatech.frs.io.nio.NIOStreamImpl - Reporting fsync latencies every 300 seconds
23:02:16.074 [pool-3-thread-2] INFO  com.terracottatech.frs.io.IOManager - opening with STREAM access method
23:02:16.077 [pool-3-thread-2] INFO  com.terracottatech.frs.io.nio.NIOStreamImpl - Reporting fsync latencies every 300 seconds
23:02:16.213 [pool-3-thread-2] INFO  com.terracottatech.frs.recovery.RecoveryManager - Starting recovery for /Users/stephanetailland/dev/msr/customer-management/IntegrationServer/./cacheStore/SoftwareAG-IS-IData/persistence/metadata
23:02:16.219 [pool-3-thread-2] INFO  com.terracottatech.frs.recovery.RecoveryManager - Recovery progress 0%
23:02:16.220 [pool-3-thread-2] INFO  com.terracottatech.frs.recovery.RecoveryManager - Recovery progress 10%
23:02:16.221 [pool-3-thread-2] INFO  com.terracottatech.frs.recovery.RecoveryManager - Recovery progress 20%
23:02:16.221 [pool-3-thread-2] INFO  com.terracottatech.frs.recovery.RecoveryManager - Recovery progress 30%
23:02:16.221 [pool-3-thread-2] INFO  com.terracottatech.frs.recovery.RecoveryManager - Recovery progress 40%
23:02:16.221 [pool-3-thread-2] INFO  com.terracottatech.frs.recovery.RecoveryManager - Recovery progress 50%
23:02:16.222 [pool-3-thread-2] INFO  com.terracottatech.frs.recovery.RecoveryManager - Recovery progress 60%
23:02:16.222 [pool-3-thread-2] INFO  com.terracottatech.frs.recovery.RecoveryManager - Recovery progress 70%
23:02:16.222 [pool-3-thread-2] INFO  com.terracottatech.frs.recovery.RecoveryManager - Recovery progress 80%
23:02:16.222 [pool-3-thread-2] INFO  com.terracottatech.frs.recovery.RecoveryManager - Recovery progress 90%
23:02:16.222 [pool-3-thread-2] INFO  com.terracottatech.frs.recovery.RecoveryManager - Recovery progress 100%
23:02:16.232 [pool-3-thread-2] INFO  com.terracottatech.frs.compaction.Compactor - using com.terracottatech.frs.compaction.SizeBasedCompactionPolicy compaction policy
23:02:16.325 [pool-3-thread-2] INFO  com.terracottatech.frs.recovery.RecoveryManager - Starting recovery for /Users/stephanetailland/dev/msr/customer-management/IntegrationServer/./cacheStore/SoftwareAG-IS-IData/persistence/cachedata
23:02:16.350 [pool-3-thread-2] INFO  com.terracottatech.frs.recovery.RecoveryManager - Recovery progress 0%
23:02:16.545 [pool-3-thread-2] INFO  com.terracottatech.frs.recovery.RecoveryManager - Recovery progress 10%
23:02:16.633 [pool-3-thread-2] INFO  com.terracottatech.frs.recovery.RecoveryManager - Recovery progress 20%
23:02:16.692 [pool-3-thread-2] INFO  com.terracottatech.frs.recovery.RecoveryManager - Recovery progress 30%
23:02:16.736 [pool-3-thread-2] INFO  com.terracottatech.frs.recovery.RecoveryManager - Recovery progress 40%
23:02:16.769 [pool-3-thread-2] INFO  com.terracottatech.frs.recovery.RecoveryManager - Recovery progress 50%
23:02:16.797 [pool-3-thread-2] INFO  com.terracottatech.frs.recovery.RecoveryManager - Recovery progress 60%
23:02:16.844 [pool-3-thread-2] INFO  com.terracottatech.frs.recovery.RecoveryManager - Recovery progress 70%
23:02:16.883 [pool-3-thread-2] INFO  com.terracottatech.frs.recovery.RecoveryManager - Recovery progress 80%
23:02:16.900 [pool-3-thread-2] INFO  com.terracottatech.frs.recovery.RecoveryManager - Recovery progress 90%
23:02:16.915 [pool-3-thread-2] INFO  com.terracottatech.frs.recovery.RecoveryManager - Recovery progress 100%
23:02:16.922 [pool-3-thread-2] INFO  com.terracottatech.frs.compaction.Compactor - using com.terracottatech.frs.compaction.SizeBasedCompactionPolicy compaction policy
23:02:18.226 [webMethods Integration Server] INFO  com.maverick.ssh.components.jce.JCEProvider - Adding Bouncycastle BC provider to Security Providers
23:02:18.230 [webMethods Integration Server] INFO  com.maverick.ssh.components.jce.JCEProvider - Configuring DH support with Bouncycastle BC provider
23:02:18.231 [webMethods Integration Server] WARN  com.maverick.ssh.components.jce.JCEComponentManager - ed25519 provider not installed. Support for ed25519 keys cannot be enabled
23:02:18.231 [webMethods Integration Server] INFO  com.maverick.ssh.components.ComponentManager - Initializing SSH1 server->client ciphers
23:02:18.241 [webMethods Integration Server] INFO  com.maverick.ssh.components.jce.JCEComponentManager -    ssh1-des will be supported using JCE Provider SunJCE
23:02:18.244 [webMethods Integration Server] INFO  com.maverick.ssh.components.ComponentManager - Initializing SSH1 client-server ciphers
23:02:18.245 [webMethods Integration Server] INFO  com.maverick.ssh.components.jce.JCEComponentManager -    ssh1-des will be supported using JCE Provider SunJCE
23:02:18.247 [webMethods Integration Server] INFO  com.maverick.ssh.components.ComponentManager - Initializing SSH2 server->client ciphers
23:02:18.259 [webMethods Integration Server] INFO  com.maverick.ssh.components.jce.JCEComponentManager -    aes128-ctr will be supported using JCE Provider SunJCE
23:02:18.264 [webMethods Integration Server] INFO  com.maverick.ssh.components.jce.JCEComponentManager -    aes192-ctr will be supported using JCE Provider SunJCE
23:02:18.265 [webMethods Integration Server] INFO  com.maverick.ssh.components.jce.JCEComponentManager -    aes256-ctr will be supported using JCE Provider SunJCE
23:02:18.266 [webMethods Integration Server] INFO  com.maverick.ssh.components.jce.JCEComponentManager -    3des-ctr will be supported using JCE Provider SunJCE
23:02:18.266 [webMethods Integration Server] INFO  com.maverick.ssh.components.jce.JCEComponentManager -    3des-cbc will be supported using JCE Provider SunJCE
23:02:18.268 [webMethods Integration Server] INFO  com.maverick.ssh.components.jce.JCEComponentManager -    blowfish-cbc will be supported using JCE Provider SunJCE
23:02:18.268 [webMethods Integration Server] INFO  com.maverick.ssh.components.jce.JCEComponentManager -    aes128-cbc will be supported using JCE Provider SunJCE
23:02:18.269 [webMethods Integration Server] INFO  com.maverick.ssh.components.jce.JCEComponentManager -    aes192-cbc will be supported using JCE Provider SunJCE
23:02:18.269 [webMethods Integration Server] INFO  com.maverick.ssh.components.jce.JCEComponentManager -    aes256-cbc will be supported using JCE Provider SunJCE
23:02:18.270 [webMethods Integration Server] INFO  com.maverick.ssh.components.jce.JCEComponentManager -    arcfour will be supported using JCE Provider SunJCE
23:02:18.271 [webMethods Integration Server] INFO  com.maverick.ssh.components.jce.JCEComponentManager -    arcfour128 will be supported using JCE Provider SunJCE
23:02:18.275 [webMethods Integration Server] INFO  com.maverick.ssh.components.jce.JCEComponentManager -    arcfour256 will be supported using JCE Provider SunJCE
23:02:18.281 [webMethods Integration Server] INFO  com.maverick.ssh.components.jce.JCEComponentManager -    aes128-gcm@openssh.com will be supported using JCE Provider SunJCE
23:02:18.282 [webMethods Integration Server] INFO  com.maverick.ssh.components.jce.JCEComponentManager -    aes256-gcm@openssh.com will be supported using JCE Provider SunJCE
23:02:18.283 [webMethods Integration Server] INFO  com.maverick.ssh.components.ComponentManager - Initializing SSH2 client->server ciphers
23:02:18.283 [webMethods Integration Server] INFO  com.maverick.ssh.components.jce.JCEComponentManager -    aes128-ctr will be supported using JCE Provider SunJCE
23:02:18.283 [webMethods Integration Server] INFO  com.maverick.ssh.components.jce.JCEComponentManager -    aes192-ctr will be supported using JCE Provider SunJCE
23:02:18.283 [webMethods Integration Server] INFO  com.maverick.ssh.components.jce.JCEComponentManager -    aes256-ctr will be supported using JCE Provider SunJCE
23:02:18.283 [webMethods Integration Server] INFO  com.maverick.ssh.components.jce.JCEComponentManager -    3des-ctr will be supported using JCE Provider SunJCE
23:02:18.283 [webMethods Integration Server] INFO  com.maverick.ssh.components.jce.JCEComponentManager -    3des-cbc will be supported using JCE Provider SunJCE
23:02:18.286 [webMethods Integration Server] INFO  com.maverick.ssh.components.jce.JCEComponentManager -    blowfish-cbc will be supported using JCE Provider SunJCE
23:02:18.286 [webMethods Integration Server] INFO  com.maverick.ssh.components.jce.JCEComponentManager -    aes128-cbc will be supported using JCE Provider SunJCE
23:02:18.286 [webMethods Integration Server] INFO  com.maverick.ssh.components.jce.JCEComponentManager -    aes192-cbc will be supported using JCE Provider SunJCE
23:02:18.286 [webMethods Integration Server] INFO  com.maverick.ssh.components.jce.JCEComponentManager -    aes256-cbc will be supported using JCE Provider SunJCE
23:02:18.286 [webMethods Integration Server] INFO  com.maverick.ssh.components.jce.JCEComponentManager -    arcfour will be supported using JCE Provider SunJCE
23:02:18.287 [webMethods Integration Server] INFO  com.maverick.ssh.components.jce.JCEComponentManager -    arcfour128 will be supported using JCE Provider SunJCE
23:02:18.287 [webMethods Integration Server] INFO  com.maverick.ssh.components.jce.JCEComponentManager -    arcfour256 will be supported using JCE Provider SunJCE
23:02:18.287 [webMethods Integration Server] INFO  com.maverick.ssh.components.jce.JCEComponentManager -    aes128-gcm@openssh.com will be supported using JCE Provider SunJCE
23:02:18.289 [webMethods Integration Server] INFO  com.maverick.ssh.components.jce.JCEComponentManager -    aes256-gcm@openssh.com will be supported using JCE Provider SunJCE
23:02:18.289 [webMethods Integration Server] INFO  com.maverick.ssh.components.ComponentManager - Initializing SSH2 server->client HMACs
23:02:18.290 [webMethods Integration Server] INFO  com.maverick.ssh.components.jce.JCEComponentManager -    hmac-sha256 will be supported using JCE Provider SunJCE
23:02:18.291 [webMethods Integration Server] INFO  com.maverick.ssh.components.jce.JCEComponentManager -    hmac-sha2-256-96 will be supported using JCE Provider SunJCE
23:02:18.292 [webMethods Integration Server] INFO  com.maverick.ssh.components.jce.JCEComponentManager -    hmac-sha512 will be supported using JCE Provider SunJCE
23:02:18.293 [webMethods Integration Server] INFO  com.maverick.ssh.components.jce.JCEComponentManager -    hmac-sha2-512-96 will be supported using JCE Provider SunJCE
23:02:18.293 [webMethods Integration Server] INFO  com.maverick.ssh.components.jce.JCEComponentManager -    hmac-sha1 will be supported using JCE Provider SunJCE
23:02:18.293 [webMethods Integration Server] INFO  com.maverick.ssh.components.jce.JCEComponentManager -    hmac-sha1-96 will be supported using JCE Provider SunJCE
23:02:18.333 [webMethods Integration Server] INFO  com.maverick.ssh.components.jce.JCEComponentManager -    hmac-ripemd160 will be supported using JCE Provider BC
23:02:18.335 [webMethods Integration Server] INFO  com.maverick.ssh.components.jce.JCEComponentManager -    hmac-md5 will be supported using JCE Provider SunJCE
23:02:18.336 [webMethods Integration Server] INFO  com.maverick.ssh.components.jce.JCEComponentManager -    hmac-md5-96 will be supported using JCE Provider SunJCE
23:02:18.336 [webMethods Integration Server] INFO  com.maverick.ssh.components.ComponentManager - Initializing SSH2 client->server HMACs
23:02:18.336 [webMethods Integration Server] INFO  com.maverick.ssh.components.jce.JCEComponentManager -    hmac-sha256 will be supported using JCE Provider SunJCE
23:02:18.336 [webMethods Integration Server] INFO  com.maverick.ssh.components.jce.JCEComponentManager -    hmac-sha2-256-96 will be supported using JCE Provider SunJCE
23:02:18.336 [webMethods Integration Server] INFO  com.maverick.ssh.components.jce.JCEComponentManager -    hmac-sha512 will be supported using JCE Provider SunJCE
23:02:18.336 [webMethods Integration Server] INFO  com.maverick.ssh.components.jce.JCEComponentManager -    hmac-sha2-512-96 will be supported using JCE Provider SunJCE
23:02:18.336 [webMethods Integration Server] INFO  com.maverick.ssh.components.jce.JCEComponentManager -    hmac-sha1 will be supported using JCE Provider SunJCE
23:02:18.336 [webMethods Integration Server] INFO  com.maverick.ssh.components.jce.JCEComponentManager -    hmac-sha1-96 will be supported using JCE Provider SunJCE
23:02:18.337 [webMethods Integration Server] INFO  com.maverick.ssh.components.jce.JCEComponentManager -    hmac-ripemd160 will be supported using JCE Provider BC
23:02:18.338 [webMethods Integration Server] INFO  com.maverick.ssh.components.jce.JCEComponentManager -    hmac-md5 will be supported using JCE Provider SunJCE
23:02:18.339 [webMethods Integration Server] INFO  com.maverick.ssh.components.jce.JCEComponentManager -    hmac-md5-96 will be supported using JCE Provider SunJCE
23:02:18.339 [webMethods Integration Server] INFO  com.maverick.ssh.components.ComponentManager - Initializing public keys
23:02:18.352 [webMethods Integration Server] INFO  com.maverick.ssh.components.jce.JCEComponentManager -    ssh-dss will be supported using JCE Provider SUN
23:02:18.354 [webMethods Integration Server] INFO  com.maverick.ssh.components.jce.JCEComponentManager -    ssh-rsa will be supported using JCE Provider SunRsaSign
23:02:18.355 [webMethods Integration Server] INFO  com.maverick.ssh.components.jce.JCEComponentManager -    rsa-sha2-256 will be supported using JCE Provider SunRsaSign
23:02:18.356 [webMethods Integration Server] INFO  com.maverick.ssh.components.jce.JCEComponentManager -    rsa-sha2-512 will be supported using JCE Provider SunRsaSign
23:02:18.360 [webMethods Integration Server] INFO  com.maverick.ssh.components.jce.JCEComponentManager -    x509v3-sign-rsa will be supported using JCE Provider SunRsaSign
23:02:18.361 [webMethods Integration Server] INFO  com.maverick.ssh.components.jce.JCEComponentManager -    x509v3-sign-dss will be supported using JCE Provider SUN
23:02:18.362 [webMethods Integration Server] INFO  com.maverick.ssh.components.jce.JCEComponentManager -    x509v3-sign-rsa-sha1 will be supported using JCE Provider SunRsaSign
23:02:18.368 [webMethods Integration Server] INFO  com.maverick.ssh.components.jce.JCEComponentManager -    x509v3-ssh-rsa will be supported using JCE Provider SunRsaSign
23:02:18.373 [webMethods Integration Server] INFO  com.maverick.ssh.components.jce.JCEComponentManager -    x509v3-ssh-dss will be supported using JCE Provider SUN
23:02:18.387 [webMethods Integration Server] INFO  com.maverick.ssh.components.jce.JCEComponentManager -    x509v3-ecdsa-sha2-nistp256 will be supported using JCE Provider Entrust
23:02:18.388 [webMethods Integration Server] INFO  com.maverick.ssh.components.jce.JCEComponentManager -    x509v3-ecdsa-sha2-nistp384 will be supported using JCE Provider Entrust
23:02:18.389 [webMethods Integration Server] INFO  com.maverick.ssh.components.jce.JCEComponentManager -    x509v3-ecdsa-sha2-nistp521 will be supported using JCE Provider Entrust
23:02:18.389 [webMethods Integration Server] INFO  com.maverick.ssh.components.jce.JCEComponentManager -    ecdsa-sha2-nistp256 will be supported using JCE Provider Entrust
23:02:18.389 [webMethods Integration Server] INFO  com.maverick.ssh.components.jce.JCEComponentManager -    ecdsa-sha2-nistp384 will be supported using JCE Provider Entrust
23:02:18.389 [webMethods Integration Server] INFO  com.maverick.ssh.components.jce.JCEComponentManager -    ecdsa-sha2-nistp521 will be supported using JCE Provider Entrust
23:02:18.391 [webMethods Integration Server] INFO  com.maverick.ssh.components.jce.JCEComponentManager -    x509v3-rsa2048-sha256 will be supported using JCE Provider SunRsaSign
23:02:18.392 [webMethods Integration Server] INFO  com.maverick.ssh.components.jce.JCEComponentManager -    ssh-rsa-cert-v01@openssh.com will be supported using JCE Provider SunRsaSign
23:02:18.393 [webMethods Integration Server] INFO  com.maverick.ssh.components.jce.JCEComponentManager -    ssh-dss-cert-v01@openssh.com will be supported using JCE Provider SUN
23:02:18.393 [webMethods Integration Server] INFO  com.maverick.ssh.components.jce.JCEComponentManager -    ecdsa-sha2-nistp256-cert-v01@openssh.com will be supported using JCE Provider Entrust
23:02:18.393 [webMethods Integration Server] INFO  com.maverick.ssh.components.jce.JCEComponentManager -    ecdsa-sha2-nistp384-cert-v01@openssh.com will be supported using JCE Provider Entrust
23:02:18.394 [webMethods Integration Server] INFO  com.maverick.ssh.components.jce.JCEComponentManager -    ecdsa-sha2-nistp521-cert-v01@openssh.com will be supported using JCE Provider Entrust
23:02:18.398 [webMethods Integration Server] INFO  com.maverick.ssh.components.jce.JCEComponentManager -    ssh-ed25519 will not be supported: net/i2p/crypto/eddsa/EdDSAEngine
23:02:18.401 [webMethods Integration Server] INFO  com.maverick.ssh.components.ComponentManager - Initializing digests
23:02:18.408 [webMethods Integration Server] INFO  com.maverick.ssh.components.jce.JCEComponentManager -    MD5 will be supported using JCE Provider SUN
23:02:18.409 [webMethods Integration Server] INFO  com.maverick.ssh.components.jce.JCEComponentManager -    SHA-1 will be supported using JCE Provider SUN
23:02:18.409 [webMethods Integration Server] INFO  com.maverick.ssh.components.jce.JCEComponentManager -    SHA1 will be supported using JCE Provider SUN
23:02:18.409 [webMethods Integration Server] INFO  com.maverick.ssh.components.jce.JCEComponentManager -    SHA-256 will be supported using JCE Provider SUN
23:02:18.409 [webMethods Integration Server] INFO  com.maverick.ssh.components.jce.JCEComponentManager -    SHA-384 will be supported using JCE Provider SUN
23:02:18.409 [webMethods Integration Server] INFO  com.maverick.ssh.components.jce.JCEComponentManager -    SHA-512 will be supported using JCE Provider SUN
23:02:18.409 [webMethods Integration Server] INFO  com.maverick.ssh.components.ComponentManager - Initializing SSH2 key exchanges
23:02:18.417 [webMethods Integration Server] INFO  com.maverick.ssh.components.jce.JCEComponentManager -    curve25519-sha256@libssh.org (client) will be supported using JCE Provider 
23:02:18.474 [webMethods Integration Server] INFO  com.maverick.ssh.components.jce.client.DiffieHellmanGroupExchangeSha1 - Using BC for DH; prime range is 1024 to 8192 bits
23:02:18.474 [webMethods Integration Server] INFO  com.maverick.ssh.components.jce.JCEComponentManager -    diffie-hellman-group-exchange-sha256 (client) will be supported using JCE Provider BC
23:02:19.108 [webMethods Integration Server] INFO  com.maverick.ssh.components.jce.JCEComponentManager -    diffie-hellman-group18-sha512 (client) will be supported using JCE Provider BC
23:02:19.272 [webMethods Integration Server] INFO  com.maverick.ssh.components.jce.JCEComponentManager -    diffie-hellman-group17-sha512 (client) will be supported using JCE Provider BC
23:02:19.322 [webMethods Integration Server] INFO  com.maverick.ssh.components.jce.JCEComponentManager -    diffie-hellman-group16-sha512 (client) will be supported using JCE Provider BC
23:02:19.344 [webMethods Integration Server] INFO  com.maverick.ssh.components.jce.JCEComponentManager -    diffie-hellman-group15-sha512 (client) will be supported using JCE Provider BC
23:02:19.352 [webMethods Integration Server] INFO  com.maverick.ssh.components.jce.JCEComponentManager -    diffie-hellman-group14-sha256 (client) will be supported using JCE Provider BC
23:02:19.352 [webMethods Integration Server] INFO  com.maverick.ssh.components.jce.JCEComponentManager -    diffie-hellman-group-exchange-sha1 (client) will be supported using JCE Provider BC
23:02:19.360 [webMethods Integration Server] INFO  com.maverick.ssh.components.jce.JCEComponentManager -    diffie-hellman-group14-sha1 (client) will be supported using JCE Provider BC
23:02:19.388 [webMethods Integration Server] INFO  com.maverick.ssh.components.jce.JCEComponentManager -    ecdh-sha2-nistp256 (client) will be supported using JCE Provider Entrust
23:02:19.410 [webMethods Integration Server] INFO  com.maverick.ssh.components.jce.JCEComponentManager -    ecdh-sha2-nistp384 (client) will be supported using JCE Provider Entrust
23:02:19.430 [webMethods Integration Server] INFO  com.maverick.ssh.components.jce.JCEComponentManager -    ecdh-sha2-nistp521 (client) will be supported using JCE Provider Entrust
23:02:19.432 [webMethods Integration Server] INFO  com.maverick.ssh.components.jce.JCEComponentManager -    diffie-hellman-group1-sha1 (client) will be supported using JCE Provider BC
23:02:19.448 [webMethods Integration Server] INFO  com.maverick.ssh.components.jce.JCEComponentManager -    rsa2048-sha256 (client) will be supported using JCE Provider 
23:02:19.450 [webMethods Integration Server] INFO  com.maverick.ssh.components.jce.JCEComponentManager -    rsa1024-sha1 (client) will be supported using JCE Provider 
23:02:19.450 [webMethods Integration Server] INFO  com.maverick.ssh.components.jce.JCEComponentManager -    curve25519-sha256@libssh.org (server) will not be supported: com.maverick.sshd.components.jce.server.Curve25519SHA256
23:02:19.450 [webMethods Integration Server] INFO  com.maverick.ssh.components.jce.JCEComponentManager -    diffie-hellman-group-exchange-sha256 (server) will not be supported: com.maverick.sshd.components.jce.server.DiffieHellmanGroupExchangeSha256JCE
23:02:19.451 [webMethods Integration Server] INFO  com.maverick.ssh.components.jce.JCEComponentManager -    diffie-hellman-group18-sha512 (server) will not be supported: com.maverick.sshd.components.jce.server.DiffieHellmanGroup18Sha512JCE
23:02:19.451 [webMethods Integration Server] INFO  com.maverick.ssh.components.jce.JCEComponentManager -    diffie-hellman-group17-sha512 (server) will not be supported: com.maverick.sshd.components.jce.server.DiffieHellmanGroup17Sha512JCE
23:02:19.451 [webMethods Integration Server] INFO  com.maverick.ssh.components.jce.JCEComponentManager -    diffie-hellman-group16-sha512 (server) will not be supported: com.maverick.sshd.components.jce.server.DiffieHellmanGroup16Sha512JCE
23:02:19.452 [webMethods Integration Server] INFO  com.maverick.ssh.components.jce.JCEComponentManager -    diffie-hellman-group15-sha512 (server) will not be supported: com.maverick.sshd.components.jce.server.DiffieHellmanGroup15Sha512JCE
23:02:19.452 [webMethods Integration Server] INFO  com.maverick.ssh.components.jce.JCEComponentManager -    diffie-hellman-group14-sha256 (server) will not be supported: com.maverick.sshd.components.jce.server.DiffieHellmanGroup14Sha256JCE
23:02:19.452 [webMethods Integration Server] INFO  com.maverick.ssh.components.jce.JCEComponentManager -    diffie-hellman-group14-sha1 (server) will not be supported: com.maverick.sshd.components.jce.server.DiffieHellmanGroup14Sha1JCE
23:02:19.452 [webMethods Integration Server] INFO  com.maverick.ssh.components.jce.JCEComponentManager -    ecdh-sha2-nistp256 (server) will not be supported: com.maverick.sshd.components.jce.server.DiffieHellmanEcdhNistp256
23:02:19.453 [webMethods Integration Server] INFO  com.maverick.ssh.components.jce.JCEComponentManager -    ecdh-sha2-nistp384 (server) will not be supported: com.maverick.sshd.components.jce.server.DiffieHellmanEcdhNistp384
23:02:19.453 [webMethods Integration Server] INFO  com.maverick.ssh.components.jce.JCEComponentManager -    ecdh-sha2-nistp521 (server) will not be supported: com.maverick.sshd.components.jce.server.DiffieHellmanEcdhNistp521
23:02:19.453 [webMethods Integration Server] INFO  com.maverick.ssh.components.jce.JCEComponentManager -    diffie-hellman-group-exchange-sha1 (server) will not be supported: com.maverick.sshd.components.jce.server.DiffieHellmanGroupExchangeSha1JCE
23:02:19.453 [webMethods Integration Server] INFO  com.maverick.ssh.components.jce.JCEComponentManager -    diffie-hellman-group1-sha1 (server) will not be supported: com.maverick.sshd.components.jce.server.DiffieHellmanGroup1Sha1JCE
23:02:19.454 [webMethods Integration Server] INFO  com.maverick.ssh.components.jce.JCEComponentManager -    rsa2048-sha256 (server) will not be supported: com.maverick.sshd.components.jce.server.Rsa2048SHA2KeyExchange
23:02:19.454 [webMethods Integration Server] INFO  com.maverick.ssh.components.jce.JCEComponentManager -    rsa1024-sha1 (server) will not be supported: com.maverick.sshd.components.jce.server.Rsa1024SHA1KeyExchange
23:02:19.454 [webMethods Integration Server] INFO  com.maverick.ssh.components.ComponentManager - Initializing Secure Random Number Generator
[Fri Sep 23 23:03:05.717 CEST 2022] [webMethods Integration Server] Setting log level to ERROR
[Fri Sep 23 23:03:05.718 CEST 2022] [webMethods Integration Server] Setting log level to ERROR
--------- Log File Closed ---------


WARNING: An illegal reflective access operation has occurred
WARNING: Illegal reflective access by com.google.inject.internal.cglib.core.$ReflectUtils$2 (file:/Users/stephanetailland/dev/msr/customer-management/IntegrationServer/lib/jars/guice-3.0.0.jar) to method java.lang.ClassLoader.defineClass(java.lang.String,byte[],int,int,java.security.ProtectionDomain)
WARNING: Please consider reporting this to the maintainers of com.google.inject.internal.cglib.core.$ReflectUtils$2
WARNING: Use --illegal-access=warn to enable warnings of further illegal reflective access operations
WARNING: All illegal access operations will be denied in a future release
23:03:08.166 [webMethods Integration Server] INFO  org.apache.axis2.deployment.ModuleDeployer - Deploying module: ServiceHandlerModule - file:/Users/stephanetailland/dev/msr/customer-management/IntegrationServer/bin/../config/wss/modules/ServiceHandlerModule.mar
23:03:08.181 [webMethods Integration Server] INFO  org.apache.axis2.deployment.ModuleDeployer - Deploying module: AuthorizationModule - file:/Users/stephanetailland/dev/msr/customer-management/IntegrationServer/bin/../config/wss/modules/AuthorizationModule.mar
23:03:08.307 [webMethods Integration Server] INFO  org.apache.axis2.deployment.ModuleDeployer - Deploying module: sandesha2 - file:/Users/stephanetailland/dev/msr/customer-management/IntegrationServer/bin/../config/wss/modules/sandesha2.mar
23:03:08.324 [webMethods Integration Server] INFO  org.apache.axis2.deployment.ModuleDeployer - Deploying module: rahas - file:/Users/stephanetailland/dev/msr/customer-management/IntegrationServer/bin/../config/wss/modules/rahas.mar
23:03:08.352 [webMethods Integration Server] INFO  org.apache.axis2.deployment.ModuleDeployer - Deploying module: metadataExchange - file:/Users/stephanetailland/dev/msr/customer-management/IntegrationServer/bin/../config/wss/modules/axis2-mex.mar
23:03:08.381 [webMethods Integration Server] INFO  org.apache.axis2.deployment.ModuleDeployer - Deploying module: rampart - file:/Users/stephanetailland/dev/msr/customer-management/IntegrationServer/bin/../config/wss/modules/rampart.mar
23:03:08.405 [webMethods Integration Server] INFO  org.apache.axis2.deployment.ModuleDeployer - Deploying module: addressing - file:/Users/stephanetailland/dev/msr/customer-management/IntegrationServer/bin/../config/wss/modules/axis2-addressing.mar
23:03:09.882 [webMethods Integration Server] INFO  org.apache.axis2.deployment.DeploymentEngine - Deploying Web service: EchoWS.aar - file:/Users/stephanetailland/dev/msr/customer-management/IntegrationServer/bin/../config/wss/services/EchoWS.aar
23:03:09.931 [webMethods Integration Server] INFO  org.apache.axis2.deployment.ModuleDeployer - Deploying module: ServiceHandlerModule - file:/Users/stephanetailland/dev/msr/customer-management/IntegrationServer/bin/../config/wss/modules/ServiceHandlerModule.mar
23:03:09.934 [webMethods Integration Server] INFO  org.apache.axis2.deployment.ModuleDeployer - Deploying module: AuthorizationModule - file:/Users/stephanetailland/dev/msr/customer-management/IntegrationServer/bin/../config/wss/modules/AuthorizationModule.mar
23:03:09.963 [webMethods Integration Server] INFO  org.apache.axis2.deployment.ModuleDeployer - Deploying module: sandesha2 - file:/Users/stephanetailland/dev/msr/customer-management/IntegrationServer/bin/../config/wss/modules/sandesha2.mar
23:03:09.971 [webMethods Integration Server] INFO  org.apache.axis2.deployment.ModuleDeployer - Deploying module: rahas - file:/Users/stephanetailland/dev/msr/customer-management/IntegrationServer/bin/../config/wss/modules/rahas.mar
23:03:09.986 [webMethods Integration Server] INFO  org.apache.axis2.deployment.ModuleDeployer - Deploying module: metadataExchange - file:/Users/stephanetailland/dev/msr/customer-management/IntegrationServer/bin/../config/wss/modules/axis2-mex.mar
23:03:09.995 [webMethods Integration Server] INFO  org.apache.axis2.deployment.ModuleDeployer - Deploying module: rampart - file:/Users/stephanetailland/dev/msr/customer-management/IntegrationServer/bin/../config/wss/modules/rampart.mar
23:03:10.001 [webMethods Integration Server] INFO  org.apache.axis2.deployment.ModuleDeployer - Deploying module: addressing - file:/Users/stephanetailland/dev/msr/customer-management/IntegrationServer/bin/../config/wss/modules/axis2-addressing.mar
23:03:10.190 [webMethods Integration Server] INFO  org.apache.axis2.deployment.DeploymentEngine - Deploying Web service: EchoWS.aar - file:/Users/stephanetailland/dev/msr/customer-management/IntegrationServer/bin/../config/wss/services/EchoWS.aar
23:03:10.374 [webMethods Integration Server] INFO  org.eclipse.jetty.util.log - Logging initialized @103043ms to org.eclipse.jetty.util.log.Slf4jLog
23:07:16.032 [FRS Sync: /Users/stephanetailland/dev/msr/customer-management/IntegrationServer/./cacheStore/SoftwareAG-IS-IData/persistence/metadata latency watcher] INFO  com.terracottatech.frs.io.nio.NIOStreamImpl - FRS Sync: /Users/stephanetailland/dev/msr/customer-management/IntegrationServer/./cacheStore/SoftwareAG-IS-IData/persistence/metadata latencies: (1 @ 65536ns) [0, 0, 0, 0, 0, 0, 0, 0, 1, 0, 0, 0, 0, 0, 0, 0, 0, 0, 0, 0]
23:07:16.086 [FRS Sync: /Users/stephanetailland/dev/msr/customer-management/IntegrationServer/./cacheStore/SoftwareAG-IS-IData/persistence/cachedata latency watcher] INFO  com.terracottatech.frs.io.nio.NIOStreamImpl - FRS Sync: /Users/stephanetailland/dev/msr/customer-management/IntegrationServer/./cacheStore/SoftwareAG-IS-IData/persistence/cachedata latencies: (2531 @ 65536ns) [0, 0, 0, 0, 14, 0, 0, 30, 2471, 16, 0, 0, 0, 0, 0, 0, 0, 0, 0, 0]
23:12:16.044 [FRS Sync: /Users/stephanetailland/dev/msr/customer-management/IntegrationServer/./cacheStore/SoftwareAG-IS-IData/persistence/metadata latency watcher] INFO  com.terracottatech.frs.io.nio.NIOStreamImpl - FRS Sync: /Users/stephanetailland/dev/msr/customer-management/IntegrationServer/./cacheStore/SoftwareAG-IS-IData/persistence/metadata latencies: (2 @ 65536ns) [0, 0, 0, 0, 0, 0, 0, 0, 2, 0, 0, 0, 0, 0, 0, 0, 0, 0, 0, 0]
23:12:16.095 [FRS Sync: /Users/stephanetailland/dev/msr/customer-management/IntegrationServer/./cacheStore/SoftwareAG-IS-IData/persistence/cachedata latency watcher] INFO  com.terracottatech.frs.io.nio.NIOStreamImpl - FRS Sync: /Users/stephanetailland/dev/msr/customer-management/IntegrationServer/./cacheStore/SoftwareAG-IS-IData/persistence/cachedata latencies: (102 @ 65536ns) [0, 0, 0, 0, 0, 0, 0, 0, 101, 1, 0, 0, 0, 0, 0, 0, 0, 0, 0, 0]
08:26:08.085 [FRS Sync: /Users/stephanetailland/dev/msr/customer-management/IntegrationServer/./cacheStore/SoftwareAG-IS-IData/persistence/metadata latency watcher] INFO  com.terracottatech.frs.io.nio.NIOStreamImpl - FRS Sync: /Users/stephanetailland/dev/msr/customer-management/IntegrationServer/./cacheStore/SoftwareAG-IS-IData/persistence/metadata latencies: (2 @ 65536ns) [0, 0, 0, 0, 0, 0, 0, 0, 2, 0, 0, 0, 0, 0, 0, 0, 0, 0, 0, 0]
08:26:08.130 [FRS Sync: /Users/stephanetailland/dev/msr/customer-management/IntegrationServer/./cacheStore/SoftwareAG-IS-IData/persistence/cachedata latency watcher] INFO  com.terracottatech.frs.io.nio.NIOStreamImpl - FRS Sync: /Users/stephanetailland/dev/msr/customer-management/IntegrationServer/./cacheStore/SoftwareAG-IS-IData/persistence/cachedata latencies: (3 @ 65536ns) [0, 0, 0, 0, 0, 0, 0, 0, 3, 0, 0, 0, 0, 0, 0, 0, 0, 0, 0, 0]
08:39:31.669 [FRS Sync: /Users/stephanetailland/dev/msr/customer-management/IntegrationServer/./cacheStore/SoftwareAG-IS-IData/persistence/metadata latency watcher] INFO  com.terracottatech.frs.io.nio.NIOStreamImpl - FRS Sync: /Users/stephanetailland/dev/msr/customer-management/IntegrationServer/./cacheStore/SoftwareAG-IS-IData/persistence/metadata latencies: (2 @ 65536ns) [0, 0, 0, 0, 0, 0, 0, 0, 2, 0, 0, 0, 0, 0, 0, 0, 0, 0, 0, 0]
08:39:31.691 [FRS Sync: /Users/stephanetailland/dev/msr/customer-management/IntegrationServer/./cacheStore/SoftwareAG-IS-IData/persistence/cachedata latency watcher] INFO  com.terracottatech.frs.io.nio.NIOStreamImpl - FRS Sync: /Users/stephanetailland/dev/msr/customer-management/IntegrationServer/./cacheStore/SoftwareAG-IS-IData/persistence/cachedata latencies: (25 @ 65536ns) [0, 0, 0, 0, 0, 0, 0, 0, 25, 0, 0, 0, 0, 0, 0, 0, 0, 0, 0, 0]
08:44:31.684 [FRS Sync: /Users/stephanetailland/dev/msr/customer-management/IntegrationServer/./cacheStore/SoftwareAG-IS-IData/persistence/metadata latency watcher] INFO  com.terracottatech.frs.io.nio.NIOStreamImpl - FRS Sync: /Users/stephanetailland/dev/msr/customer-management/IntegrationServer/./cacheStore/SoftwareAG-IS-IData/persistence/metadata latencies: (2 @ 65536ns) [0, 0, 0, 0, 0, 0, 0, 0, 2, 0, 0, 0, 0, 0, 0, 0, 0, 0, 0, 0]
08:44:31.693 [FRS Sync: /Users/stephanetailland/dev/msr/customer-management/IntegrationServer/./cacheStore/SoftwareAG-IS-IData/persistence/cachedata latency watcher] INFO  com.terracottatech.frs.io.nio.NIOStreamImpl - FRS Sync: /Users/stephanetailland/dev/msr/customer-management/IntegrationServer/./cacheStore/SoftwareAG-IS-IData/persistence/cachedata latencies: (619 @ 65536ns) [0, 0, 0, 0, 2, 0, 0, 11, 605, 1, 0, 0, 0, 0, 0, 0, 0, 0, 0, 0]
08:49:31.692 [FRS Sync: /Users/stephanetailland/dev/msr/customer-management/IntegrationServer/./cacheStore/SoftwareAG-IS-IData/persistence/cachedata latency watcher] INFO  com.terracottatech.frs.io.nio.NIOStreamImpl - FRS Sync: /Users/stephanetailland/dev/msr/customer-management/IntegrationServer/./cacheStore/SoftwareAG-IS-IData/persistence/cachedata latencies: (201 @ 65536ns) [0, 0, 0, 0, 0, 0, 1, 1, 195, 4, 0, 0, 0, 0, 0, 0, 0, 0, 0, 0]
08:49:31.692 [FRS Sync: /Users/stephanetailland/dev/msr/customer-management/IntegrationServer/./cacheStore/SoftwareAG-IS-IData/persistence/metadata latency watcher] INFO  com.terracottatech.frs.io.nio.NIOStreamImpl - FRS Sync: /Users/stephanetailland/dev/msr/customer-management/IntegrationServer/./cacheStore/SoftwareAG-IS-IData/persistence/metadata latencies: (2 @ 65536ns) [0, 0, 0, 0, 0, 0, 0, 0, 2, 0, 0, 0, 0, 0, 0, 0, 0, 0, 0, 0]
08:54:31.698 [FRS Sync: /Users/stephanetailland/dev/msr/customer-management/IntegrationServer/./cacheStore/SoftwareAG-IS-IData/persistence/metadata latency watcher] INFO  com.terracottatech.frs.io.nio.NIOStreamImpl - FRS Sync: /Users/stephanetailland/dev/msr/customer-management/IntegrationServer/./cacheStore/SoftwareAG-IS-IData/persistence/metadata latencies: (2 @ 65536ns) [0, 0, 0, 0, 0, 0, 0, 0, 2, 0, 0, 0, 0, 0, 0, 0, 0, 0, 0, 0]
08:54:31.698 [FRS Sync: /Users/stephanetailland/dev/msr/customer-management/IntegrationServer/./cacheStore/SoftwareAG-IS-IData/persistence/cachedata latency watcher] INFO  com.terracottatech.frs.io.nio.NIOStreamImpl - FRS Sync: /Users/stephanetailland/dev/msr/customer-management/IntegrationServer/./cacheStore/SoftwareAG-IS-IData/persistence/cachedata latencies: (3 @ 65536ns) [0, 0, 0, 0, 0, 0, 0, 0, 3, 0, 0, 0, 0, 0, 0, 0, 0, 0, 0, 0]
08:59:31.701 [FRS Sync: /Users/stephanetailland/dev/msr/customer-management/IntegrationServer/./cacheStore/SoftwareAG-IS-IData/persistence/metadata latency watcher] INFO  com.terracottatech.frs.io.nio.NIOStreamImpl - FRS Sync: /Users/stephanetailland/dev/msr/customer-management/IntegrationServer/./cacheStore/SoftwareAG-IS-IData/persistence/metadata latencies: (2 @ 65536ns) [0, 0, 0, 0, 0, 0, 0, 0, 2, 0, 0, 0, 0, 0, 0, 0, 0, 0, 0, 0]
08:59:31.701 [FRS Sync: /Users/stephanetailland/dev/msr/customer-management/IntegrationServer/./cacheStore/SoftwareAG-IS-IData/persistence/cachedata latency watcher] INFO  com.terracottatech.frs.io.nio.NIOStreamImpl - FRS Sync: /Users/stephanetailland/dev/msr/customer-management/IntegrationServer/./cacheStore/SoftwareAG-IS-IData/persistence/cachedata latencies: (3 @ 65536ns) [0, 0, 0, 0, 0, 0, 0, 0, 3, 0, 0, 0, 0, 0, 0, 0, 0, 0, 0, 0]
09:04:31.710 [FRS Sync: /Users/stephanetailland/dev/msr/customer-management/IntegrationServer/./cacheStore/SoftwareAG-IS-IData/persistence/cachedata latency watcher] INFO  com.terracottatech.frs.io.nio.NIOStreamImpl - FRS Sync: /Users/stephanetailland/dev/msr/customer-management/IntegrationServer/./cacheStore/SoftwareAG-IS-IData/persistence/cachedata latencies: (3 @ 65536ns) [0, 0, 0, 0, 0, 0, 0, 0, 3, 0, 0, 0, 0, 0, 0, 0, 0, 0, 0, 0]
09:04:31.711 [FRS Sync: /Users/stephanetailland/dev/msr/customer-management/IntegrationServer/./cacheStore/SoftwareAG-IS-IData/persistence/metadata latency watcher] INFO  com.terracottatech.frs.io.nio.NIOStreamImpl - FRS Sync: /Users/stephanetailland/dev/msr/customer-management/IntegrationServer/./cacheStore/SoftwareAG-IS-IData/persistence/metadata latencies: (2 @ 65536ns) [0, 0, 0, 0, 0, 0, 0, 0, 2, 0, 0, 0, 0, 0, 0, 0, 0, 0, 0, 0]
09:09:31.711 [FRS Sync: /Users/stephanetailland/dev/msr/customer-management/IntegrationServer/./cacheStore/SoftwareAG-IS-IData/persistence/cachedata latency watcher] INFO  com.terracottatech.frs.io.nio.NIOStreamImpl - FRS Sync: /Users/stephanetailland/dev/msr/customer-management/IntegrationServer/./cacheStore/SoftwareAG-IS-IData/persistence/cachedata latencies: (3 @ 65536ns) [0, 0, 0, 0, 0, 0, 0, 0, 3, 0, 0, 0, 0, 0, 0, 0, 0, 0, 0, 0]
09:09:31.714 [FRS Sync: /Users/stephanetailland/dev/msr/customer-management/IntegrationServer/./cacheStore/SoftwareAG-IS-IData/persistence/metadata latency watcher] INFO  com.terracottatech.frs.io.nio.NIOStreamImpl - FRS Sync: /Users/stephanetailland/dev/msr/customer-management/IntegrationServer/./cacheStore/SoftwareAG-IS-IData/persistence/metadata latencies: (2 @ 65536ns) [0, 0, 0, 0, 0, 0, 0, 0, 2, 0, 0, 0, 0, 0, 0, 0, 0, 0, 0, 0]
09:14:31.744 [FRS Sync: /Users/stephanetailland/dev/msr/customer-management/IntegrationServer/./cacheStore/SoftwareAG-IS-IData/persistence/cachedata latency watcher] INFO  com.terracottatech.frs.io.nio.NIOStreamImpl - FRS Sync: /Users/stephanetailland/dev/msr/customer-management/IntegrationServer/./cacheStore/SoftwareAG-IS-IData/persistence/cachedata latencies: (3 @ 65536ns) [0, 0, 0, 0, 0, 0, 0, 0, 3, 0, 0, 0, 0, 0, 0, 0, 0, 0, 0, 0]
09:14:31.744 [FRS Sync: /Users/stephanetailland/dev/msr/customer-management/IntegrationServer/./cacheStore/SoftwareAG-IS-IData/persistence/metadata latency watcher] INFO  com.terracottatech.frs.io.nio.NIOStreamImpl - FRS Sync: /Users/stephanetailland/dev/msr/customer-management/IntegrationServer/./cacheStore/SoftwareAG-IS-IData/persistence/metadata latencies: (2 @ 65536ns) [0, 0, 0, 0, 0, 0, 0, 0, 0, 1, 1, 0, 0, 0, 0, 0, 0, 0, 0, 0]
09:19:31.758 [FRS Sync: /Users/stephanetailland/dev/msr/customer-management/IntegrationServer/./cacheStore/SoftwareAG-IS-IData/persistence/cachedata latency watcher] INFO  com.terracottatech.frs.io.nio.NIOStreamImpl - FRS Sync: /Users/stephanetailland/dev/msr/customer-management/IntegrationServer/./cacheStore/SoftwareAG-IS-IData/persistence/cachedata latencies: (3 @ 65536ns) [0, 0, 0, 0, 0, 0, 0, 0, 3, 0, 0, 0, 0, 0, 0, 0, 0, 0, 0, 0]
09:19:31.758 [FRS Sync: /Users/stephanetailland/dev/msr/customer-management/IntegrationServer/./cacheStore/SoftwareAG-IS-IData/persistence/metadata latency watcher] INFO  com.terracottatech.frs.io.nio.NIOStreamImpl - FRS Sync: /Users/stephanetailland/dev/msr/customer-management/IntegrationServer/./cacheStore/SoftwareAG-IS-IData/persistence/metadata latencies: (2 @ 65536ns) [0, 0, 0, 0, 0, 0, 0, 0, 1, 1, 0, 0, 0, 0, 0, 0, 0, 0, 0, 0]
09:24:31.767 [FRS Sync: /Users/stephanetailland/dev/msr/customer-management/IntegrationServer/./cacheStore/SoftwareAG-IS-IData/persistence/metadata latency watcher] INFO  com.terracottatech.frs.io.nio.NIOStreamImpl - FRS Sync: /Users/stephanetailland/dev/msr/customer-management/IntegrationServer/./cacheStore/SoftwareAG-IS-IData/persistence/metadata latencies: (2 @ 65536ns) [0, 0, 0, 0, 0, 0, 0, 0, 2, 0, 0, 0, 0, 0, 0, 0, 0, 0, 0, 0]
09:24:31.767 [FRS Sync: /Users/stephanetailland/dev/msr/customer-management/IntegrationServer/./cacheStore/SoftwareAG-IS-IData/persistence/cachedata latency watcher] INFO  com.terracottatech.frs.io.nio.NIOStreamImpl - FRS Sync: /Users/stephanetailland/dev/msr/customer-management/IntegrationServer/./cacheStore/SoftwareAG-IS-IData/persistence/cachedata latencies: (3 @ 65536ns) [0, 0, 0, 0, 0, 0, 0, 0, 3, 0, 0, 0, 0, 0, 0, 0, 0, 0, 0, 0]
09:29:31.783 [FRS Sync: /Users/stephanetailland/dev/msr/customer-management/IntegrationServer/./cacheStore/SoftwareAG-IS-IData/persistence/metadata latency watcher] INFO  com.terracottatech.frs.io.nio.NIOStreamImpl - FRS Sync: /Users/stephanetailland/dev/msr/customer-management/IntegrationServer/./cacheStore/SoftwareAG-IS-IData/persistence/metadata latencies: (2 @ 65536ns) [0, 0, 0, 0, 0, 0, 0, 0, 2, 0, 0, 0, 0, 0, 0, 0, 0, 0, 0, 0]
09:29:31.783 [FRS Sync: /Users/stephanetailland/dev/msr/customer-management/IntegrationServer/./cacheStore/SoftwareAG-IS-IData/persistence/cachedata latency watcher] INFO  com.terracottatech.frs.io.nio.NIOStreamImpl - FRS Sync: /Users/stephanetailland/dev/msr/customer-management/IntegrationServer/./cacheStore/SoftwareAG-IS-IData/persistence/cachedata latencies: (3 @ 65536ns) [0, 0, 0, 0, 0, 0, 0, 0, 3, 0, 0, 0, 0, 0, 0, 0, 0, 0, 0, 0]
09:34:31.798 [FRS Sync: /Users/stephanetailland/dev/msr/customer-management/IntegrationServer/./cacheStore/SoftwareAG-IS-IData/persistence/metadata latency watcher] INFO  com.terracottatech.frs.io.nio.NIOStreamImpl - FRS Sync: /Users/stephanetailland/dev/msr/customer-management/IntegrationServer/./cacheStore/SoftwareAG-IS-IData/persistence/metadata latencies: (2 @ 65536ns) [0, 0, 0, 0, 0, 0, 0, 0, 2, 0, 0, 0, 0, 0, 0, 0, 0, 0, 0, 0]
09:34:31.798 [FRS Sync: /Users/stephanetailland/dev/msr/customer-management/IntegrationServer/./cacheStore/SoftwareAG-IS-IData/persistence/cachedata latency watcher] INFO  com.terracottatech.frs.io.nio.NIOStreamImpl - FRS Sync: /Users/stephanetailland/dev/msr/customer-management/IntegrationServer/./cacheStore/SoftwareAG-IS-IData/persistence/cachedata latencies: (3 @ 65536ns) [0, 0, 0, 0, 0, 0, 0, 1, 2, 0, 0, 0, 0, 0, 0, 0, 0, 0, 0, 0]
09:39:31.805 [FRS Sync: /Users/stephanetailland/dev/msr/customer-management/IntegrationServer/./cacheStore/SoftwareAG-IS-IData/persistence/cachedata latency watcher] INFO  com.terracottatech.frs.io.nio.NIOStreamImpl - FRS Sync: /Users/stephanetailland/dev/msr/customer-management/IntegrationServer/./cacheStore/SoftwareAG-IS-IData/persistence/cachedata latencies: (3 @ 65536ns) [0, 0, 0, 0, 0, 0, 0, 0, 3, 0, 0, 0, 0, 0, 0, 0, 0, 0, 0, 0]
09:39:31.805 [FRS Sync: /Users/stephanetailland/dev/msr/customer-management/IntegrationServer/./cacheStore/SoftwareAG-IS-IData/persistence/metadata latency watcher] INFO  com.terracottatech.frs.io.nio.NIOStreamImpl - FRS Sync: /Users/stephanetailland/dev/msr/customer-management/IntegrationServer/./cacheStore/SoftwareAG-IS-IData/persistence/metadata latencies: (2 @ 65536ns) [0, 0, 0, 0, 1, 0, 0, 0, 1, 0, 0, 0, 0, 0, 0, 0, 0, 0, 0, 0]
09:44:31.809 [FRS Sync: /Users/stephanetailland/dev/msr/customer-management/IntegrationServer/./cacheStore/SoftwareAG-IS-IData/persistence/metadata latency watcher] INFO  com.terracottatech.frs.io.nio.NIOStreamImpl - FRS Sync: /Users/stephanetailland/dev/msr/customer-management/IntegrationServer/./cacheStore/SoftwareAG-IS-IData/persistence/metadata latencies: (2 @ 65536ns) [0, 0, 0, 0, 0, 0, 0, 0, 2, 0, 0, 0, 0, 0, 0, 0, 0, 0, 0, 0]
09:44:31.809 [FRS Sync: /Users/stephanetailland/dev/msr/customer-management/IntegrationServer/./cacheStore/SoftwareAG-IS-IData/persistence/cachedata latency watcher] INFO  com.terracottatech.frs.io.nio.NIOStreamImpl - FRS Sync: /Users/stephanetailland/dev/msr/customer-management/IntegrationServer/./cacheStore/SoftwareAG-IS-IData/persistence/cachedata latencies: (3 @ 65536ns) [0, 0, 0, 0, 0, 0, 0, 0, 3, 0, 0, 0, 0, 0, 0, 0, 0, 0, 0, 0]
09:49:31.860 [FRS Sync: /Users/stephanetailland/dev/msr/customer-management/IntegrationServer/./cacheStore/SoftwareAG-IS-IData/persistence/metadata latency watcher] INFO  com.terracottatech.frs.io.nio.NIOStreamImpl - FRS Sync: /Users/stephanetailland/dev/msr/customer-management/IntegrationServer/./cacheStore/SoftwareAG-IS-IData/persistence/metadata latencies: (2 @ 65536ns) [0, 0, 0, 0, 0, 0, 0, 0, 1, 1, 0, 0, 0, 0, 0, 0, 0, 0, 0, 0]
09:49:31.860 [FRS Sync: /Users/stephanetailland/dev/msr/customer-management/IntegrationServer/./cacheStore/SoftwareAG-IS-IData/persistence/cachedata latency watcher] INFO  com.terracottatech.frs.io.nio.NIOStreamImpl - FRS Sync: /Users/stephanetailland/dev/msr/customer-management/IntegrationServer/./cacheStore/SoftwareAG-IS-IData/persistence/cachedata latencies: (3 @ 65536ns) [0, 0, 0, 0, 0, 0, 0, 0, 3, 0, 0, 0, 0, 0, 0, 0, 0, 0, 0, 0]
09:57:26.206 [FRS Sync: /Users/stephanetailland/dev/msr/customer-management/IntegrationServer/./cacheStore/SoftwareAG-IS-IData/persistence/cachedata latency watcher] INFO  com.terracottatech.frs.io.nio.NIOStreamImpl - FRS Sync: /Users/stephanetailland/dev/msr/customer-management/IntegrationServer/./cacheStore/SoftwareAG-IS-IData/persistence/cachedata latencies: (3 @ 65536ns) [0, 0, 0, 0, 0, 0, 0, 0, 3, 0, 0, 0, 0, 0, 0, 0, 0, 0, 0, 0]
09:57:26.205 [FRS Sync: /Users/stephanetailland/dev/msr/customer-management/IntegrationServer/./cacheStore/SoftwareAG-IS-IData/persistence/metadata latency watcher] INFO  com.terracottatech.frs.io.nio.NIOStreamImpl - FRS Sync: /Users/stephanetailland/dev/msr/customer-management/IntegrationServer/./cacheStore/SoftwareAG-IS-IData/persistence/metadata latencies: (2 @ 65536ns) [0, 0, 0, 0, 0, 0, 0, 0, 2, 0, 0, 0, 0, 0, 0, 0, 0, 0, 0, 0]
10:02:26.225 [FRS Sync: /Users/stephanetailland/dev/msr/customer-management/IntegrationServer/./cacheStore/SoftwareAG-IS-IData/persistence/cachedata latency watcher] INFO  com.terracottatech.frs.io.nio.NIOStreamImpl - FRS Sync: /Users/stephanetailland/dev/msr/customer-management/IntegrationServer/./cacheStore/SoftwareAG-IS-IData/persistence/cachedata latencies: (3 @ 65536ns) [0, 0, 0, 0, 0, 0, 0, 0, 3, 0, 0, 0, 0, 0, 0, 0, 0, 0, 0, 0]
10:02:26.225 [FRS Sync: /Users/stephanetailland/dev/msr/customer-management/IntegrationServer/./cacheStore/SoftwareAG-IS-IData/persistence/metadata latency watcher] INFO  com.terracottatech.frs.io.nio.NIOStreamImpl - FRS Sync: /Users/stephanetailland/dev/msr/customer-management/IntegrationServer/./cacheStore/SoftwareAG-IS-IData/persistence/metadata latencies: (2 @ 65536ns) [0, 0, 0, 0, 0, 0, 0, 0, 2, 0, 0, 0, 0, 0, 0, 0, 0, 0, 0, 0]
10:07:26.255 [FRS Sync: /Users/stephanetailland/dev/msr/customer-management/IntegrationServer/./cacheStore/SoftwareAG-IS-IData/persistence/cachedata latency watcher] INFO  com.terracottatech.frs.io.nio.NIOStreamImpl - FRS Sync: /Users/stephanetailland/dev/msr/customer-management/IntegrationServer/./cacheStore/SoftwareAG-IS-IData/persistence/cachedata latencies: (3 @ 65536ns) [0, 0, 0, 0, 0, 0, 0, 0, 3, 0, 0, 0, 0, 0, 0, 0, 0, 0, 0, 0]
10:07:26.255 [FRS Sync: /Users/stephanetailland/dev/msr/customer-management/IntegrationServer/./cacheStore/SoftwareAG-IS-IData/persistence/metadata latency watcher] INFO  com.terracottatech.frs.io.nio.NIOStreamImpl - FRS Sync: /Users/stephanetailland/dev/msr/customer-management/IntegrationServer/./cacheStore/SoftwareAG-IS-IData/persistence/metadata latencies: (2 @ 65536ns) [0, 0, 0, 0, 0, 0, 0, 0, 2, 0, 0, 0, 0, 0, 0, 0, 0, 0, 0, 0]
10:12:26.298 [FRS Sync: /Users/stephanetailland/dev/msr/customer-management/IntegrationServer/./cacheStore/SoftwareAG-IS-IData/persistence/metadata latency watcher] INFO  com.terracottatech.frs.io.nio.NIOStreamImpl - FRS Sync: /Users/stephanetailland/dev/msr/customer-management/IntegrationServer/./cacheStore/SoftwareAG-IS-IData/persistence/metadata latencies: (2 @ 65536ns) [0, 0, 0, 0, 0, 0, 0, 0, 2, 0, 0, 0, 0, 0, 0, 0, 0, 0, 0, 0]
10:12:26.298 [FRS Sync: /Users/stephanetailland/dev/msr/customer-management/IntegrationServer/./cacheStore/SoftwareAG-IS-IData/persistence/cachedata latency watcher] INFO  com.terracottatech.frs.io.nio.NIOStreamImpl - FRS Sync: /Users/stephanetailland/dev/msr/customer-management/IntegrationServer/./cacheStore/SoftwareAG-IS-IData/persistence/cachedata latencies: (3 @ 65536ns) [0, 0, 0, 0, 0, 0, 0, 0, 3, 0, 0, 0, 0, 0, 0, 0, 0, 0, 0, 0]
10:17:26.313 [FRS Sync: /Users/stephanetailland/dev/msr/customer-management/IntegrationServer/./cacheStore/SoftwareAG-IS-IData/persistence/cachedata latency watcher] INFO  com.terracottatech.frs.io.nio.NIOStreamImpl - FRS Sync: /Users/stephanetailland/dev/msr/customer-management/IntegrationServer/./cacheStore/SoftwareAG-IS-IData/persistence/cachedata latencies: (3 @ 65536ns) [0, 0, 0, 0, 0, 0, 0, 0, 3, 0, 0, 0, 0, 0, 0, 0, 0, 0, 0, 0]
10:17:26.312 [FRS Sync: /Users/stephanetailland/dev/msr/customer-management/IntegrationServer/./cacheStore/SoftwareAG-IS-IData/persistence/metadata latency watcher] INFO  com.terracottatech.frs.io.nio.NIOStreamImpl - FRS Sync: /Users/stephanetailland/dev/msr/customer-management/IntegrationServer/./cacheStore/SoftwareAG-IS-IData/persistence/metadata latencies: (2 @ 65536ns) [0, 0, 0, 0, 0, 0, 0, 0, 2, 0, 0, 0, 0, 0, 0, 0, 0, 0, 0, 0]
10:22:26.326 [FRS Sync: /Users/stephanetailland/dev/msr/customer-management/IntegrationServer/./cacheStore/SoftwareAG-IS-IData/persistence/metadata latency watcher] INFO  com.terracottatech.frs.io.nio.NIOStreamImpl - FRS Sync: /Users/stephanetailland/dev/msr/customer-management/IntegrationServer/./cacheStore/SoftwareAG-IS-IData/persistence/metadata latencies: (2 @ 65536ns) [0, 0, 0, 0, 0, 0, 0, 0, 2, 0, 0, 0, 0, 0, 0, 0, 0, 0, 0, 0]
10:22:26.326 [FRS Sync: /Users/stephanetailland/dev/msr/customer-management/IntegrationServer/./cacheStore/SoftwareAG-IS-IData/persistence/cachedata latency watcher] INFO  com.terracottatech.frs.io.nio.NIOStreamImpl - FRS Sync: /Users/stephanetailland/dev/msr/customer-management/IntegrationServer/./cacheStore/SoftwareAG-IS-IData/persistence/cachedata latencies: (3 @ 65536ns) [0, 0, 0, 0, 0, 0, 0, 0, 3, 0, 0, 0, 0, 0, 0, 0, 0, 0, 0, 0]
10:27:26.350 [FRS Sync: /Users/stephanetailland/dev/msr/customer-management/IntegrationServer/./cacheStore/SoftwareAG-IS-IData/persistence/metadata latency watcher] INFO  com.terracottatech.frs.io.nio.NIOStreamImpl - FRS Sync: /Users/stephanetailland/dev/msr/customer-management/IntegrationServer/./cacheStore/SoftwareAG-IS-IData/persistence/metadata latencies: (2 @ 65536ns) [0, 0, 0, 0, 0, 0, 0, 0, 2, 0, 0, 0, 0, 0, 0, 0, 0, 0, 0, 0]
10:27:26.351 [FRS Sync: /Users/stephanetailland/dev/msr/customer-management/IntegrationServer/./cacheStore/SoftwareAG-IS-IData/persistence/cachedata latency watcher] INFO  com.terracottatech.frs.io.nio.NIOStreamImpl - FRS Sync: /Users/stephanetailland/dev/msr/customer-management/IntegrationServer/./cacheStore/SoftwareAG-IS-IData/persistence/cachedata latencies: (3 @ 65536ns) [0, 0, 0, 0, 0, 0, 0, 0, 3, 0, 0, 0, 0, 0, 0, 0, 0, 0, 0, 0]
10:32:26.360 [FRS Sync: /Users/stephanetailland/dev/msr/customer-management/IntegrationServer/./cacheStore/SoftwareAG-IS-IData/persistence/cachedata latency watcher] INFO  com.terracottatech.frs.io.nio.NIOStreamImpl - FRS Sync: /Users/stephanetailland/dev/msr/customer-management/IntegrationServer/./cacheStore/SoftwareAG-IS-IData/persistence/cachedata latencies: (3 @ 65536ns) [0, 0, 0, 0, 0, 0, 0, 0, 3, 0, 0, 0, 0, 0, 0, 0, 0, 0, 0, 0]
10:32:26.363 [FRS Sync: /Users/stephanetailland/dev/msr/customer-management/IntegrationServer/./cacheStore/SoftwareAG-IS-IData/persistence/metadata latency watcher] INFO  com.terracottatech.frs.io.nio.NIOStreamImpl - FRS Sync: /Users/stephanetailland/dev/msr/customer-management/IntegrationServer/./cacheStore/SoftwareAG-IS-IData/persistence/metadata latencies: (2 @ 65536ns) [0, 0, 0, 0, 0, 0, 0, 0, 2, 0, 0, 0, 0, 0, 0, 0, 0, 0, 0, 0]
10:37:26.348 [FRS Sync: /Users/stephanetailland/dev/msr/customer-management/IntegrationServer/./cacheStore/SoftwareAG-IS-IData/persistence/metadata latency watcher] INFO  com.terracottatech.frs.io.nio.NIOStreamImpl - FRS Sync: /Users/stephanetailland/dev/msr/customer-management/IntegrationServer/./cacheStore/SoftwareAG-IS-IData/persistence/metadata latencies: (2 @ 65536ns) [0, 0, 0, 0, 0, 0, 0, 0, 2, 0, 0, 0, 0, 0, 0, 0, 0, 0, 0, 0]
10:37:26.348 [FRS Sync: /Users/stephanetailland/dev/msr/customer-management/IntegrationServer/./cacheStore/SoftwareAG-IS-IData/persistence/cachedata latency watcher] INFO  com.terracottatech.frs.io.nio.NIOStreamImpl - FRS Sync: /Users/stephanetailland/dev/msr/customer-management/IntegrationServer/./cacheStore/SoftwareAG-IS-IData/persistence/cachedata latencies: (3 @ 65536ns) [0, 0, 0, 0, 0, 0, 0, 0, 3, 0, 0, 0, 0, 0, 0, 0, 0, 0, 0, 0]
10:42:26.369 [FRS Sync: /Users/stephanetailland/dev/msr/customer-management/IntegrationServer/./cacheStore/SoftwareAG-IS-IData/persistence/cachedata latency watcher] INFO  com.terracottatech.frs.io.nio.NIOStreamImpl - FRS Sync: /Users/stephanetailland/dev/msr/customer-management/IntegrationServer/./cacheStore/SoftwareAG-IS-IData/persistence/cachedata latencies: (3 @ 65536ns) [0, 0, 0, 0, 0, 0, 0, 0, 3, 0, 0, 0, 0, 0, 0, 0, 0, 0, 0, 0]
10:42:26.369 [FRS Sync: /Users/stephanetailland/dev/msr/customer-management/IntegrationServer/./cacheStore/SoftwareAG-IS-IData/persistence/metadata latency watcher] INFO  com.terracottatech.frs.io.nio.NIOStreamImpl - FRS Sync: /Users/stephanetailland/dev/msr/customer-management/IntegrationServer/./cacheStore/SoftwareAG-IS-IData/persistence/metadata latencies: (2 @ 65536ns) [0, 0, 0, 0, 0, 0, 0, 0, 2, 0, 0, 0, 0, 0, 0, 0, 0, 0, 0, 0]
10:47:26.384 [FRS Sync: /Users/stephanetailland/dev/msr/customer-management/IntegrationServer/./cacheStore/SoftwareAG-IS-IData/persistence/metadata latency watcher] INFO  com.terracottatech.frs.io.nio.NIOStreamImpl - FRS Sync: /Users/stephanetailland/dev/msr/customer-management/IntegrationServer/./cacheStore/SoftwareAG-IS-IData/persistence/metadata latencies: (2 @ 65536ns) [0, 0, 0, 0, 0, 0, 0, 0, 2, 0, 0, 0, 0, 0, 0, 0, 0, 0, 0, 0]
10:47:26.384 [FRS Sync: /Users/stephanetailland/dev/msr/customer-management/IntegrationServer/./cacheStore/SoftwareAG-IS-IData/persistence/cachedata latency watcher] INFO  com.terracottatech.frs.io.nio.NIOStreamImpl - FRS Sync: /Users/stephanetailland/dev/msr/customer-management/IntegrationServer/./cacheStore/SoftwareAG-IS-IData/persistence/cachedata latencies: (3 @ 65536ns) [0, 0, 0, 0, 0, 0, 0, 0, 3, 0, 0, 0, 0, 0, 0, 0, 0, 0, 0, 0]
10:52:26.404 [FRS Sync: /Users/stephanetailland/dev/msr/customer-management/IntegrationServer/./cacheStore/SoftwareAG-IS-IData/persistence/metadata latency watcher] INFO  com.terracottatech.frs.io.nio.NIOStreamImpl - FRS Sync: /Users/stephanetailland/dev/msr/customer-management/IntegrationServer/./cacheStore/SoftwareAG-IS-IData/persistence/metadata latencies: (2 @ 65536ns) [0, 0, 0, 0, 0, 0, 0, 0, 2, 0, 0, 0, 0, 0, 0, 0, 0, 0, 0, 0]
10:52:26.404 [FRS Sync: /Users/stephanetailland/dev/msr/customer-management/IntegrationServer/./cacheStore/SoftwareAG-IS-IData/persistence/cachedata latency watcher] INFO  com.terracottatech.frs.io.nio.NIOStreamImpl - FRS Sync: /Users/stephanetailland/dev/msr/customer-management/IntegrationServer/./cacheStore/SoftwareAG-IS-IData/persistence/cachedata latencies: (3 @ 65536ns) [0, 0, 0, 0, 0, 0, 0, 0, 3, 0, 0, 0, 0, 0, 0, 0, 0, 0, 0, 0]
10:57:26.411 [FRS Sync: /Users/stephanetailland/dev/msr/customer-management/IntegrationServer/./cacheStore/SoftwareAG-IS-IData/persistence/cachedata latency watcher] INFO  com.terracottatech.frs.io.nio.NIOStreamImpl - FRS Sync: /Users/stephanetailland/dev/msr/customer-management/IntegrationServer/./cacheStore/SoftwareAG-IS-IData/persistence/cachedata latencies: (3 @ 65536ns) [0, 0, 0, 0, 0, 0, 0, 0, 3, 0, 0, 0, 0, 0, 0, 0, 0, 0, 0, 0]
10:57:26.411 [FRS Sync: /Users/stephanetailland/dev/msr/customer-management/IntegrationServer/./cacheStore/SoftwareAG-IS-IData/persistence/metadata latency watcher] INFO  com.terracottatech.frs.io.nio.NIOStreamImpl - FRS Sync: /Users/stephanetailland/dev/msr/customer-management/IntegrationServer/./cacheStore/SoftwareAG-IS-IData/persistence/metadata latencies: (2 @ 65536ns) [0, 0, 0, 0, 0, 0, 0, 0, 2, 0, 0, 0, 0, 0, 0, 0, 0, 0, 0, 0]
