----------------------------------------------------------------
Fri Sep 23 23:02:13 CEST 2022:
Booting Derby version The Apache Software Foundation - Apache Derby - 10.14.2.0 - (1828579): instance a816c00e-0183-6c27-ce14-ffffab44d551 
on database directory /Users/stephanetailland/dev/msr/customer-management/IntegrationServer/db/embedded with class loader java.net.URLClassLoader@13a57a3b 
Loaded from file:/Users/stephanetailland/dev/msr/customer-management/common/lib/ext/derby.jar
java.vendor=Azul Systems, Inc.
java.runtime.version=11.0.16.1+1-LTS
user.dir=/Users/stephanetailland/dev/msr/customer-management/IntegrationServer
os.name=Mac OS X
os.arch=x86_64
os.version=12.6
derby.system.home=/Users/stephanetailland/dev/msr/customer-management/IntegrationServer/bin/../db
Database Class Loader started - derby.database.classpath=''
----------------------------------------------------------------
Fri Sep 23 23:02:14 CEST 2022:
Booting Derby version The Apache Software Foundation - Apache Derby - 10.14.2.0 - (1828579): instance 286cc01e-0183-6c27-ce14-ffffab44d551 
on database directory /Users/stephanetailland/dev/msr/customer-management/IntegrationServer/db/AUDITINGSC with class loader java.net.URLClassLoader@13a57a3b 
Loaded from file:/Users/stephanetailland/dev/msr/customer-management/common/lib/ext/derby.jar
java.vendor=Azul Systems, Inc.
java.runtime.version=11.0.16.1+1-LTS
user.dir=/Users/stephanetailland/dev/msr/customer-management/IntegrationServer
os.name=Mac OS X
os.arch=x86_64
os.version=12.6
derby.system.home=/Users/stephanetailland/dev/msr/customer-management/IntegrationServer/bin/../db
Database Class Loader started - derby.database.classpath=''
----------------------------------------------------------------
Fri Sep 23 23:02:20 CEST 2022:
Booting Derby version The Apache Software Foundation - Apache Derby - 10.14.2.0 - (1828579): instance 79f80040-0183-6c27-ce14-ffffab44d551 
on database directory /Users/stephanetailland/dev/msr/customer-management/IntegrationServer/db/LWQ_DB_BROKER_CSQ with class loader java.net.URLClassLoader@13a57a3b 
Loaded from file:/Users/stephanetailland/dev/msr/customer-management/common/lib/ext/derby.jar
java.vendor=Azul Systems, Inc.
java.runtime.version=11.0.16.1+1-LTS
user.dir=/Users/stephanetailland/dev/msr/customer-management/IntegrationServer
os.name=Mac OS X
os.arch=x86_64
os.version=12.6
derby.system.home=/Users/stephanetailland/dev/msr/customer-management/IntegrationServer/bin/../db
Database Class Loader started - derby.database.classpath=''
----------------------------------------------------------------
Fri Sep 23 23:03:05 CEST 2022:
Booting Derby version The Apache Software Foundation - Apache Derby - 10.14.2.0 - (1828579): instance 5b678054-0183-6c27-ce14-ffffab44d551 
on database directory /Users/stephanetailland/dev/msr/customer-management/IntegrationServer/db/LWQ_DB_MESSAGING_CSQ with class loader java.net.URLClassLoader@13a57a3b 
Loaded from file:/Users/stephanetailland/dev/msr/customer-management/common/lib/ext/derby.jar
java.vendor=Azul Systems, Inc.
java.runtime.version=11.0.16.1+1-LTS
user.dir=/Users/stephanetailland/dev/msr/customer-management/IntegrationServer
os.name=Mac OS X
os.arch=x86_64
os.version=12.6
derby.system.home=/Users/stephanetailland/dev/msr/customer-management/IntegrationServer/bin/../db
Database Class Loader started - derby.database.classpath=''
----------------------------------------------------------------
Fri Sep 23 23:03:06 CEST 2022:
Booting Derby version The Apache Software Foundation - Apache Derby - 10.14.2.0 - (1828579): instance 44ee8065-0183-6c27-ce14-ffffab44d551 
on database directory /Users/stephanetailland/dev/msr/customer-management/IntegrationServer/db/LWQ_DB with class loader java.net.URLClassLoader@13a57a3b 
Loaded from file:/Users/stephanetailland/dev/msr/customer-management/common/lib/ext/derby.jar
java.vendor=Azul Systems, Inc.
java.runtime.version=11.0.16.1+1-LTS
user.dir=/Users/stephanetailland/dev/msr/customer-management/IntegrationServer
os.name=Mac OS X
os.arch=x86_64
os.version=12.6
derby.system.home=/Users/stephanetailland/dev/msr/customer-management/IntegrationServer/bin/../db
Database Class Loader started - derby.database.classpath=''
